# JRE version: OpenJDK Runtime Environment (11.0.12+7) (build 11.0.12+7-b1504.28-7817840)
# Java VM: OpenJDK 64-Bit Server VM (11.0.12+7-b1504.28-7817840, mixed mode, tiered, compressed oops, g1 gc, windows-amd64)
Heap:
 garbage-first heap   total 260096K, used 157200K [0x0000000080000000, 0x0000000100000000)
  region size 1024K, 55 young (56320K), 6 survivors (6144K)
 Metaspace       used 109664K, capacity 112139K, committed 112248K, reserved 1146880K
  class space    used 13978K, capacity 14911K, committed 14968K, reserved 1048576K
GC Heap History (20 events):
Event: 9.388 GC heap before
{Heap before GC invocations=8 (full 0):
 garbage-first heap   total 260096K, used 92395K [0x0000000080000000, 0x0000000100000000)
  region size 1024K, 62 young (63488K), 19 survivors (19456K)
 Metaspace       used 58547K, capacity 59824K, committed 59904K, reserved 1101824K
  class space    used 7398K, capacity 7889K, committed 7936K, reserved 1048576K
}
Event: 9.402 GC heap after
{Heap after GC invocations=9 (full 0):
 garbage-first heap   total 260096K, used 52170K [0x0000000080000000, 0x0000000100000000)
  region size 1024K, 3 young (3072K), 3 survivors (3072K)
 Metaspace       used 58547K, capacity 59824K, committed 59904K, reserved 1101824K
  class space    used 7398K, capacity 7889K, committed 7936K, reserved 1048576K
}
Event: 10.642 GC heap before
{Heap before GC invocations=10 (full 0):
 garbage-first heap   total 260096K, used 161738K [0x0000000080000000, 0x0000000100000000)
  region size 1024K, 110 young (112640K), 3 survivors (3072K)
 Metaspace       used 68766K, capacity 70318K, committed 70648K, reserved 1110016K
  class space    used 8724K, capacity 9324K, committed 9464K, reserved 1048576K
}
Event: 10.648 GC heap after
{Heap after GC invocations=11 (full 0):
 garbage-first heap   total 260096K, used 58601K [0x0000000080000000, 0x0000000100000000)
  region size 1024K, 10 young (10240K), 10 survivors (10240K)
 Metaspace       used 68766K, capacity 70318K, committed 70648K, reserved 1110016K
  class space    used 8724K, capacity 9324K, committed 9464K, reserved 1048576K
}
Event: 11.796 GC heap before
{Heap before GC invocations=11 (full 0):
 garbage-first heap   total 260096K, used 170217K [0x0000000080000000, 0x0000000100000000)
  region size 1024K, 119 young (121856K), 10 survivors (10240K)
 Metaspace       used 77460K, capacity 79231K, committed 79480K, reserved 1118208K
  class space    used 10039K, capacity 10722K, committed 10872K, reserved 1048576K
}
Event: 11.805 GC heap after
{Heap after GC invocations=12 (full 0):
 garbage-first heap   total 260096K, used 66174K [0x0000000080000000, 0x0000000100000000)
  region size 1024K, 15 young (15360K), 15 survivors (15360K)
 Metaspace       used 77460K, capacity 79231K, committed 79480K, reserved 1118208K
  class space    used 10039K, capacity 10722K, committed 10872K, reserved 1048576K
}
Event: 13.459 GC heap before
{Heap before GC invocations=12 (full 0):
 garbage-first heap   total 260096K, used 178814K [0x0000000080000000, 0x0000000100000000)
  region size 1024K, 126 young (129024K), 15 survivors (15360K)
 Metaspace       used 87771K, capacity 89961K, committed 90104K, reserved 1126400K
  class space    used 11382K, capacity 12194K, committed 12280K, reserved 1048576K
}
Event: 13.477 GC heap after
{Heap after GC invocations=13 (full 0):
 garbage-first heap   total 260096K, used 75207K [0x0000000080000000, 0x0000000100000000)
  region size 1024K, 16 young (16384K), 16 survivors (16384K)
 Metaspace       used 87771K, capacity 89961K, committed 90104K, reserved 1126400K
  class space    used 11382K, capacity 12194K, committed 12280K, reserved 1048576K
}
Event: 14.745 GC heap before
{Heap before GC invocations=13 (full 0):
 garbage-first heap   total 260096K, used 187847K [0x0000000080000000, 0x0000000100000000)
  region size 1024K, 125 young (128000K), 16 survivors (16384K)
 Metaspace       used 92701K, capacity 95091K, committed 95224K, reserved 1132544K
  class space    used 12019K, capacity 12918K, committed 13048K, reserved 1048576K
}
Event: 14.764 GC heap after
{Heap after GC invocations=14 (full 0):
 garbage-first heap   total 260096K, used 93679K [0x0000000080000000, 0x0000000100000000)
  region size 1024K, 16 young (16384K), 16 survivors (16384K)
 Metaspace       used 92701K, capacity 95091K, committed 95224K, reserved 1132544K
  class space    used 12019K, capacity 12918K, committed 13048K, reserved 1048576K
}
Event: 15.561 GC heap before
{Heap before GC invocations=14 (full 0):
 garbage-first heap   total 260096K, used 203247K [0x0000000080000000, 0x0000000100000000)
  region size 1024K, 109 young (111616K), 16 survivors (16384K)
 Metaspace       used 97299K, capacity 99673K, committed 99832K, reserved 1136640K
  class space    used 12513K, capacity 13433K, committed 13560K, reserved 1048576K
}
Event: 15.574 GC heap after
{Heap after GC invocations=15 (full 0):
 garbage-first heap   total 260096K, used 103424K [0x0000000080000000, 0x0000000100000000)
  region size 1024K, 10 young (10240K), 10 survivors (10240K)
 Metaspace       used 97299K, capacity 99673K, committed 99832K, reserved 1136640K
  class space    used 12513K, capacity 13433K, committed 13560K, reserved 1048576K
}
Event: 15.659 GC heap before
{Heap before GC invocations=15 (full 0):
 garbage-first heap   total 260096K, used 118784K [0x0000000080000000, 0x0000000100000000)
  region size 1024K, 27 young (27648K), 10 survivors (10240K)
 Metaspace       used 97797K, capacity 100214K, committed 100344K, reserved 1136640K
  class space    used 12566K, capacity 13475K, committed 13560K, reserved 1048576K
}
Event: 15.672 GC heap after
{Heap after GC invocations=16 (full 0):
 garbage-first heap   total 260096K, used 105304K [0x0000000080000000, 0x0000000100000000)
  region size 1024K, 2 young (2048K), 2 survivors (2048K)
 Metaspace       used 97797K, capacity 100214K, committed 100344K, reserved 1136640K
  class space    used 12566K, capacity 13475K, committed 13560K, reserved 1048576K
}
Event: 16.368 GC heap before
{Heap before GC invocations=17 (full 0):
 garbage-first heap   total 260096K, used 195416K [0x0000000080000000, 0x0000000100000000)
  region size 1024K, 93 young (95232K), 2 survivors (2048K)
 Metaspace       used 100962K, capacity 103086K, committed 103928K, reserved 1138688K
  class space    used 12862K, capacity 13709K, committed 14072K, reserved 1048576K
}
Event: 16.374 GC heap after
{Heap after GC invocations=18 (full 0):
 garbage-first heap   total 260096K, used 106966K [0x0000000080000000, 0x0000000100000000)
  region size 1024K, 6 young (6144K), 6 survivors (6144K)
 Metaspace       used 100962K, capacity 103086K, committed 103928K, reserved 1138688K
  class space    used 12862K, capacity 13709K, committed 14072K, reserved 1048576K
}
Event: 18.426 GC heap before
{Heap before GC invocations=18 (full 0):
 garbage-first heap   total 260096K, used 112086K [0x0000000080000000, 0x0000000100000000)
  region size 1024K, 12 young (12288K), 6 survivors (6144K)
 Metaspace       used 101365K, capacity 103481K, committed 104440K, reserved 1140736K
  class space    used 12914K, capacity 13758K, committed 14072K, reserved 1048576K
}
Event: 18.432 GC heap after
{Heap after GC invocations=19 (full 0):
 garbage-first heap   total 260096K, used 105483K [0x0000000080000000, 0x0000000100000000)
  region size 1024K, 2 young (2048K), 2 survivors (2048K)
 Metaspace       used 101365K, capacity 103481K, committed 104440K, reserved 1140736K
  class space    used 12914K, capacity 13758K, committed 14072K, reserved 1048576K
}
Event: 29.740 GC heap before
{Heap before GC invocations=19 (full 0):
 garbage-first heap   total 260096K, used 199691K [0x0000000080000000, 0x0000000100000000)
  region size 1024K, 95 young (97280K), 2 survivors (2048K)
 Metaspace       used 106872K, capacity 109285K, committed 109688K, reserved 1144832K
  class space    used 13634K, capacity 14515K, committed 14712K, reserved 1048576K
}
Event: 29.747 GC heap after
{Heap after GC invocations=20 (full 0):
 garbage-first heap   total 260096K, used 109072K [0x0000000080000000, 0x0000000100000000)
  region size 1024K, 6 young (6144K), 6 survivors (6144K)
 Metaspace       used 106872K, capacity 109285K, committed 109688K, reserved 1144832K
  class space    used 13634K, capacity 14515K, committed 14712K, reserved 1048576K
}

