# JRE version: OpenJDK Runtime Environment (11.0.12+7) (build 11.0.12+7-b1504.28-7817840)
# Java VM: OpenJDK 64-Bit Server VM (11.0.12+7-b1504.28-7817840, mixed mode, tiered, compressed oops, g1 gc, windows-amd64)
Heap:
 garbage-first heap   total 260096K, used 66326K [0x0000000702c00000, 0x0000000800000000)
  region size 1024K, 48 young (49152K), 3 survivors (3072K)
 Metaspace       used 45313K, capacity 45774K, committed 45872K, reserved 1089536K
  class space    used 5421K, capacity 5604K, committed 5680K, reserved 1048576K
GC Heap History (8 events):
Event: 0.370 GC heap before
{Heap before GC invocations=0 (full 0):
 garbage-first heap   total 260096K, used 27648K [0x0000000702c00000, 0x0000000800000000)
  region size 1024K, 24 young (24576K), 0 survivors (0K)
 Metaspace       used 12189K, capacity 12254K, committed 12416K, reserved 1060864K
  class space    used 1106K, capacity 1145K, committed 1152K, reserved 1048576K
}
Event: 0.373 GC heap after
{Heap after GC invocations=1 (full 0):
 garbage-first heap   total 260096K, used 6225K [0x0000000702c00000, 0x0000000800000000)
  region size 1024K, 3 young (3072K), 3 survivors (3072K)
 Metaspace       used 12189K, capacity 12254K, committed 12416K, reserved 1060864K
  class space    used 1106K, capacity 1145K, committed 1152K, reserved 1048576K
}
Event: 0.743 GC heap before
{Heap before GC invocations=1 (full 0):
 garbage-first heap   total 260096K, used 43089K [0x0000000702c00000, 0x0000000800000000)
  region size 1024K, 40 young (40960K), 3 survivors (3072K)
 Metaspace       used 21010K, capacity 21202K, committed 21296K, reserved 1069056K
  class space    used 2234K, capacity 2309K, committed 2352K, reserved 1048576K
}
Event: 0.750 GC heap after
{Heap after GC invocations=2 (full 0):
 garbage-first heap   total 260096K, used 9934K [0x0000000702c00000, 0x0000000800000000)
  region size 1024K, 7 young (7168K), 7 survivors (7168K)
 Metaspace       used 21010K, capacity 21202K, committed 21296K, reserved 1069056K
  class space    used 2234K, capacity 2309K, committed 2352K, reserved 1048576K
}
Event: 1.289 GC heap before
{Heap before GC invocations=3 (full 0):
 garbage-first heap   total 260096K, used 68302K [0x0000000702c00000, 0x0000000800000000)
  region size 1024K, 59 young (60416K), 7 survivors (7168K)
 Metaspace       used 33797K, capacity 34280K, committed 34480K, reserved 1079296K
  class space    used 4218K, capacity 4403K, committed 4528K, reserved 1048576K
}
Event: 1.295 GC heap after
{Heap after GC invocations=4 (full 0):
 garbage-first heap   total 260096K, used 20792K [0x0000000702c00000, 0x0000000800000000)
  region size 1024K, 8 young (8192K), 8 survivors (8192K)
 Metaspace       used 33797K, capacity 34280K, committed 34480K, reserved 1079296K
  class space    used 4218K, capacity 4403K, committed 4528K, reserved 1048576K
}
Event: 1.381 GC heap before
{Heap before GC invocations=4 (full 0):
 garbage-first heap   total 260096K, used 31032K [0x0000000702c00000, 0x0000000800000000)
  region size 1024K, 19 young (19456K), 8 survivors (8192K)
 Metaspace       used 35401K, capacity 35795K, committed 35888K, reserved 1081344K
  class space    used 4393K, capacity 4567K, committed 4656K, reserved 1048576K
}
Event: 1.386 GC heap after
{Heap after GC invocations=5 (full 0):
 garbage-first heap   total 260096K, used 21270K [0x0000000702c00000, 0x0000000800000000)
  region size 1024K, 3 young (3072K), 3 survivors (3072K)
 Metaspace       used 35401K, capacity 35795K, committed 35888K, reserved 1081344K
  class space    used 4393K, capacity 4567K, committed 4656K, reserved 1048576K
}

