# JRE version: OpenJDK Runtime Environment (11.0.12+7) (build 11.0.12+7-b1504.28-7817840)
# Java VM: OpenJDK 64-Bit Server VM (11.0.12+7-b1504.28-7817840, mixed mode, tiered, compressed oops, g1 gc, windows-amd64)
Heap:
 garbage-first heap   total 260096K, used 179912K [0x0000000080000000, 0x0000000100000000)
  region size 1024K, 16 young (16384K), 3 survivors (3072K)
 Metaspace       used 123858K, capacity 127086K, committed 127484K, reserved 1159168K
  class space    used 15584K, capacity 16732K, committed 16976K, reserved 1048576K
GC Heap History (20 events):
Event: 7.631 GC heap before
{Heap before GC invocations=15 (full 0):
 garbage-first heap   total 260096K, used 190732K [0x0000000080000000, 0x0000000100000000)
  region size 1024K, 115 young (117760K), 13 survivors (13312K)
 Metaspace       used 98140K, capacity 100815K, committed 101040K, reserved 1136640K
  class space    used 12737K, capacity 13729K, committed 13776K, reserved 1048576K
}
Event: 7.645 GC heap after
{Heap after GC invocations=16 (full 0):
 garbage-first heap   total 260096K, used 95491K [0x0000000080000000, 0x0000000100000000)
  region size 1024K, 12 young (12288K), 12 survivors (12288K)
 Metaspace       used 98140K, capacity 100815K, committed 101040K, reserved 1136640K
  class space    used 12737K, capacity 13729K, committed 13776K, reserved 1048576K
}
Event: 26.941 GC heap before
{Heap before GC invocations=17 (full 0):
 garbage-first heap   total 260096K, used 218371K [0x0000000080000000, 0x0000000100000000)
  region size 1024K, 115 young (117760K), 12 survivors (12288K)
 Metaspace       used 106266K, capacity 109493K, committed 109564K, reserved 1144832K
  class space    used 13695K, capacity 14865K, committed 14928K, reserved 1048576K
}
Event: 26.949 GC heap after
{Heap after GC invocations=18 (full 0):
 garbage-first heap   total 260096K, used 124044K [0x0000000080000000, 0x0000000100000000)
  region size 1024K, 15 young (15360K), 15 survivors (15360K)
 Metaspace       used 106266K, capacity 109493K, committed 109564K, reserved 1144832K
  class space    used 13695K, capacity 14865K, committed 14928K, reserved 1048576K
}
Event: 27.605 GC heap before
{Heap before GC invocations=18 (full 0):
 garbage-first heap   total 260096K, used 206988K [0x0000000080000000, 0x0000000100000000)
  region size 1024K, 97 young (99328K), 15 survivors (15360K)
 Metaspace       used 112148K, capacity 115569K, committed 115836K, reserved 1148928K
  class space    used 14466K, capacity 15747K, committed 15824K, reserved 1048576K
}
Event: 27.613 GC heap after
{Heap after GC invocations=19 (full 0):
 garbage-first heap   total 260096K, used 131496K [0x0000000080000000, 0x0000000100000000)
  region size 1024K, 7 young (7168K), 7 survivors (7168K)
 Metaspace       used 112148K, capacity 115569K, committed 115836K, reserved 1148928K
  class space    used 14466K, capacity 15747K, committed 15824K, reserved 1048576K
}
Event: 27.715 GC heap before
{Heap before GC invocations=19 (full 0):
 garbage-first heap   total 260096K, used 142760K [0x0000000080000000, 0x0000000100000000)
  region size 1024K, 19 young (19456K), 7 survivors (7168K)
 Metaspace       used 113040K, capacity 116542K, committed 116732K, reserved 1150976K
  class space    used 14567K, capacity 15854K, committed 15952K, reserved 1048576K
}
Event: 27.719 GC heap after
{Heap after GC invocations=20 (full 0):
 garbage-first heap   total 260096K, used 132262K [0x0000000080000000, 0x0000000100000000)
  region size 1024K, 8 young (8192K), 8 survivors (8192K)
 Metaspace       used 113040K, capacity 116542K, committed 116732K, reserved 1150976K
  class space    used 14567K, capacity 15854K, committed 15952K, reserved 1048576K
}
Event: 28.077 GC heap before
{Heap before GC invocations=21 (full 0):
 garbage-first heap   total 260096K, used 195750K [0x0000000080000000, 0x0000000100000000)
  region size 1024K, 62 young (63488K), 8 survivors (8192K)
 Metaspace       used 114948K, capacity 117940K, committed 119292K, reserved 1153024K
  class space    used 14634K, capacity 15748K, committed 16208K, reserved 1048576K
}
Event: 28.085 GC heap after
{Heap after GC invocations=22 (full 0):
 garbage-first heap   total 260096K, used 148784K [0x0000000080000000, 0x0000000100000000)
  region size 1024K, 8 young (8192K), 8 survivors (8192K)
 Metaspace       used 114948K, capacity 117940K, committed 119292K, reserved 1153024K
  class space    used 14634K, capacity 15748K, committed 16208K, reserved 1048576K
}
Event: 28.570 GC heap before
{Heap before GC invocations=23 (full 0):
 garbage-first heap   total 260096K, used 213296K [0x0000000080000000, 0x0000000100000000)
  region size 1024K, 71 young (72704K), 8 survivors (8192K)
 Metaspace       used 119688K, capacity 122675K, committed 123900K, reserved 1157120K
  class space    used 15095K, capacity 16212K, committed 16720K, reserved 1048576K
}
Event: 28.576 GC heap after
{Heap after GC invocations=24 (full 0):
 garbage-first heap   total 260096K, used 153472K [0x0000000080000000, 0x0000000100000000)
  region size 1024K, 5 young (5120K), 5 survivors (5120K)
 Metaspace       used 119688K, capacity 122675K, committed 123900K, reserved 1157120K
  class space    used 15095K, capacity 16212K, committed 16720K, reserved 1048576K
}
Event: 28.860 GC heap before
{Heap before GC invocations=24 (full 0):
 garbage-first heap   total 260096K, used 213888K [0x0000000080000000, 0x0000000100000000)
  region size 1024K, 65 young (66560K), 5 survivors (5120K)
 Metaspace       used 121014K, capacity 124147K, committed 125308K, reserved 1157120K
  class space    used 15269K, capacity 16455K, committed 16848K, reserved 1048576K
}
Event: 28.867 GC heap after
{Heap after GC invocations=25 (full 0):
 garbage-first heap   total 260096K, used 158180K [0x0000000080000000, 0x0000000100000000)
  region size 1024K, 5 young (5120K), 5 survivors (5120K)
 Metaspace       used 121014K, capacity 124147K, committed 125308K, reserved 1157120K
  class space    used 15269K, capacity 16455K, committed 16848K, reserved 1048576K
}
Event: 32.443 GC heap before
{Heap before GC invocations=26 (full 0):
 garbage-first heap   total 260096K, used 215524K [0x0000000080000000, 0x0000000100000000)
  region size 1024K, 62 young (63488K), 5 survivors (5120K)
 Metaspace       used 122823K, capacity 126063K, committed 126716K, reserved 1159168K
  class space    used 15474K, capacity 16631K, committed 16976K, reserved 1048576K
}
Event: 32.450 GC heap after
{Heap after GC invocations=27 (full 0):
 garbage-first heap   total 260096K, used 164553K [0x0000000080000000, 0x0000000100000000)
  region size 1024K, 7 young (7168K), 7 survivors (7168K)
 Metaspace       used 122823K, capacity 126063K, committed 126716K, reserved 1159168K
  class space    used 15474K, capacity 16631K, committed 16976K, reserved 1048576K
}
Event: 32.485 GC heap before
{Heap before GC invocations=27 (full 0):
 garbage-first heap   total 260096K, used 169673K [0x0000000080000000, 0x0000000100000000)
  region size 1024K, 12 young (12288K), 7 survivors (7168K)
 Metaspace       used 122905K, capacity 126210K, committed 126716K, reserved 1159168K
  class space    used 15477K, capacity 16636K, committed 16976K, reserved 1048576K
}
Event: 32.489 GC heap after
{Heap after GC invocations=28 (full 0):
 garbage-first heap   total 260096K, used 165060K [0x0000000080000000, 0x0000000100000000)
  region size 1024K, 2 young (2048K), 2 survivors (2048K)
 Metaspace       used 122905K, capacity 126210K, committed 126716K, reserved 1159168K
  class space    used 15477K, capacity 16636K, committed 16976K, reserved 1048576K
}
Event: 32.590 GC heap before
{Heap before GC invocations=28 (full 0):
 garbage-first heap   total 260096K, used 183492K [0x0000000080000000, 0x0000000100000000)
  region size 1024K, 22 young (22528K), 2 survivors (2048K)
 Metaspace       used 123186K, capacity 126398K, committed 126972K, reserved 1159168K
  class space    used 15507K, capacity 16649K, committed 16976K, reserved 1048576K
}
Event: 32.595 GC heap after
{Heap after GC invocations=29 (full 0):
 garbage-first heap   total 260096K, used 166600K [0x0000000080000000, 0x0000000100000000)
  region size 1024K, 3 young (3072K), 3 survivors (3072K)
 Metaspace       used 123186K, capacity 126398K, committed 126972K, reserved 1159168K
  class space    used 15507K, capacity 16649K, committed 16976K, reserved 1048576K
}

