# JRE version: OpenJDK Runtime Environment (11.0.12+7) (build 11.0.12+7-b1504.28-7817840)
# Java VM: OpenJDK 64-Bit Server VM (11.0.12+7-b1504.28-7817840, mixed mode, tiered, compressed oops, g1 gc, windows-amd64)
Heap:
 garbage-first heap   total 320512K, used 147456K [0x0000000080000000, 0x0000000100000000)
  region size 1024K, 35 young (35840K), 2 survivors (2048K)
 Metaspace       used 142506K, capacity 146821K, committed 148016K, reserved 1177600K
  class space    used 17608K, capacity 19209K, committed 20048K, reserved 1048576K
GC Heap History (20 events):
Event: 2787.790 GC heap before
{Heap before GC invocations=30 (full 0):
 garbage-first heap   total 320512K, used 269997K [0x0000000080000000, 0x0000000100000000)
  region size 1024K, 118 young (120832K), 4 survivors (4096K)
 Metaspace       used 138635K, capacity 142464K, committed 145328K, reserved 1175552K
  class space    used 17343K, capacity 18790K, committed 19920K, reserved 1048576K
}
Event: 2787.798 GC heap after
{Heap after GC invocations=31 (full 0):
 garbage-first heap   total 320512K, used 134229K [0x0000000080000000, 0x0000000100000000)
  region size 1024K, 7 young (7168K), 7 survivors (7168K)
 Metaspace       used 138635K, capacity 142464K, committed 145328K, reserved 1175552K
  class space    used 17343K, capacity 18790K, committed 19920K, reserved 1048576K
}
Event: 2787.900 GC heap before
{Heap before GC invocations=31 (full 0):
 garbage-first heap   total 320512K, used 143445K [0x0000000080000000, 0x0000000100000000)
  region size 1024K, 15 young (15360K), 7 survivors (7168K)
 Metaspace       used 138662K, capacity 142473K, committed 145328K, reserved 1175552K
  class space    used 17344K, capacity 18792K, committed 19920K, reserved 1048576K
}
Event: 2787.910 GC heap after
{Heap after GC invocations=32 (full 0):
 garbage-first heap   total 320512K, used 127089K [0x0000000080000000, 0x0000000100000000)
  region size 1024K, 2 young (2048K), 2 survivors (2048K)
 Metaspace       used 138662K, capacity 142473K, committed 145328K, reserved 1175552K
  class space    used 17344K, capacity 18792K, committed 19920K, reserved 1048576K
}
Event: 2791.350 GC heap before
{Heap before GC invocations=32 (full 0):
 garbage-first heap   total 320512K, used 274545K [0x0000000080000000, 0x0000000100000000)
  region size 1024K, 130 young (133120K), 2 survivors (2048K)
 Metaspace       used 139036K, capacity 142910K, committed 145584K, reserved 1175552K
  class space    used 17362K, capacity 18825K, committed 19920K, reserved 1048576K
}
Event: 2791.356 GC heap after
{Heap after GC invocations=33 (full 0):
 garbage-first heap   total 320512K, used 133740K [0x0000000080000000, 0x0000000100000000)
  region size 1024K, 9 young (9216K), 9 survivors (9216K)
 Metaspace       used 139036K, capacity 142910K, committed 145584K, reserved 1175552K
  class space    used 17362K, capacity 18825K, committed 19920K, reserved 1048576K
}
Event: 2792.051 GC heap before
{Heap before GC invocations=33 (full 0):
 garbage-first heap   total 320512K, used 262764K [0x0000000080000000, 0x0000000100000000)
  region size 1024K, 132 young (135168K), 9 survivors (9216K)
 Metaspace       used 139814K, capacity 143624K, committed 146224K, reserved 1175552K
  class space    used 17423K, capacity 18902K, committed 20048K, reserved 1048576K
}
Event: 2792.054 GC heap after
{Heap after GC invocations=34 (full 0):
 garbage-first heap   total 320512K, used 131790K [0x0000000080000000, 0x0000000100000000)
  region size 1024K, 7 young (7168K), 7 survivors (7168K)
 Metaspace       used 139814K, capacity 143624K, committed 146224K, reserved 1175552K
  class space    used 17423K, capacity 18902K, committed 20048K, reserved 1048576K
}
Event: 2792.106 GC heap before
{Heap before GC invocations=34 (full 0):
 garbage-first heap   total 320512K, used 154318K [0x0000000080000000, 0x0000000100000000)
  region size 1024K, 13 young (13312K), 7 survivors (7168K)
 Metaspace       used 139820K, capacity 143625K, committed 146224K, reserved 1175552K
  class space    used 17423K, capacity 18902K, committed 20048K, reserved 1048576K
}
Event: 2792.111 GC heap after
{Heap after GC invocations=35 (full 0):
 garbage-first heap   total 320512K, used 147903K [0x0000000080000000, 0x0000000100000000)
  region size 1024K, 6 young (6144K), 6 survivors (6144K)
 Metaspace       used 139820K, capacity 143625K, committed 146224K, reserved 1175552K
  class space    used 17423K, capacity 18902K, committed 20048K, reserved 1048576K
}
Event: 2862.120 GC heap before
{Heap before GC invocations=36 (full 0):
 garbage-first heap   total 320512K, used 293311K [0x0000000080000000, 0x0000000100000000)
  region size 1024K, 126 young (129024K), 6 survivors (6144K)
 Metaspace       used 139855K, capacity 143455K, committed 146736K, reserved 1175552K
  class space    used 17305K, capacity 18672K, committed 20048K, reserved 1048576K
}
Event: 2862.129 GC heap after
{Heap after GC invocations=37 (full 0):
 garbage-first heap   total 320512K, used 135575K [0x0000000080000000, 0x0000000100000000)
  region size 1024K, 12 young (12288K), 12 survivors (12288K)
 Metaspace       used 139855K, capacity 143455K, committed 146736K, reserved 1175552K
  class space    used 17305K, capacity 18672K, committed 20048K, reserved 1048576K
}
Event: 2862.160 GC heap before
{Heap before GC invocations=37 (full 0):
 garbage-first heap   total 320512K, used 138647K [0x0000000080000000, 0x0000000100000000)
  region size 1024K, 15 young (15360K), 12 survivors (12288K)
 Metaspace       used 139866K, capacity 143458K, committed 146736K, reserved 1175552K
  class space    used 17305K, capacity 18672K, committed 20048K, reserved 1048576K
}
Event: 2862.179 GC heap after
{Heap after GC invocations=38 (full 0):
 garbage-first heap   total 320512K, used 118263K [0x0000000080000000, 0x0000000100000000)
  region size 1024K, 2 young (2048K), 2 survivors (2048K)
 Metaspace       used 139866K, capacity 143458K, committed 146736K, reserved 1175552K
  class space    used 17305K, capacity 18672K, committed 20048K, reserved 1048576K
}
Event: 2926.205 GC heap before
{Heap before GC invocations=38 (full 0):
 garbage-first heap   total 320512K, used 227831K [0x0000000080000000, 0x0000000100000000)
  region size 1024K, 111 young (113664K), 2 survivors (2048K)
 Metaspace       used 140690K, capacity 144340K, committed 147504K, reserved 1177600K
  class space    used 17331K, capacity 18719K, committed 20048K, reserved 1048576K
}
Event: 2926.217 GC heap after
{Heap after GC invocations=39 (full 0):
 garbage-first heap   total 320512K, used 126113K [0x0000000080000000, 0x0000000100000000)
  region size 1024K, 10 young (10240K), 10 survivors (10240K)
 Metaspace       used 140690K, capacity 144340K, committed 147504K, reserved 1177600K
  class space    used 17331K, capacity 18719K, committed 20048K, reserved 1048576K
}
Event: 3221.392 GC heap before
{Heap before GC invocations=40 (full 0):
 garbage-first heap   total 320512K, used 283809K [0x0000000080000000, 0x0000000100000000)
  region size 1024K, 142 young (145408K), 10 survivors (10240K)
 Metaspace       used 141890K, capacity 145988K, committed 148016K, reserved 1177600K
  class space    used 17479K, capacity 18971K, committed 20048K, reserved 1048576K
}
Event: 3221.397 GC heap after
{Heap after GC invocations=41 (full 0):
 garbage-first heap   total 320512K, used 121966K [0x0000000080000000, 0x0000000100000000)
  region size 1024K, 6 young (6144K), 6 survivors (6144K)
 Metaspace       used 141890K, capacity 145988K, committed 148016K, reserved 1177600K
  class space    used 17479K, capacity 18971K, committed 20048K, reserved 1048576K
}
Event: 3221.468 GC heap before
{Heap before GC invocations=41 (full 0):
 garbage-first heap   total 320512K, used 131182K [0x0000000080000000, 0x0000000100000000)
  region size 1024K, 15 young (15360K), 6 survivors (6144K)
 Metaspace       used 142115K, capacity 146284K, committed 148016K, reserved 1177600K
  class space    used 17514K, capacity 19036K, committed 20048K, reserved 1048576K
}
Event: 3221.475 GC heap after
{Heap after GC invocations=42 (full 0):
 garbage-first heap   total 320512K, used 115712K [0x0000000080000000, 0x0000000100000000)
  region size 1024K, 2 young (2048K), 2 survivors (2048K)
 Metaspace       used 142115K, capacity 146284K, committed 148016K, reserved 1177600K
  class space    used 17514K, capacity 19036K, committed 20048K, reserved 1048576K
}

