# JRE version: OpenJDK Runtime Environment (11.0.12+7) (build 11.0.12+7-b1504.28-7817840)
# Java VM: OpenJDK 64-Bit Server VM (11.0.12+7-b1504.28-7817840, mixed mode, tiered, compressed oops, g1 gc, windows-amd64)
Heap:
 garbage-first heap   total 260096K, used 152119K [0x0000000080000000, 0x0000000100000000)
  region size 1024K, 102 young (104448K), 9 survivors (9216K)
 Metaspace       used 75572K, capacity 77177K, committed 77264K, reserved 1116160K
  class space    used 9765K, capacity 10409K, committed 10448K, reserved 1048576K
GC Heap History (16 events):
Event: 0.505 GC heap before
{Heap before GC invocations=0 (full 0):
 garbage-first heap   total 260096K, used 29696K [0x0000000080000000, 0x0000000100000000)
  region size 1024K, 24 young (24576K), 0 survivors (0K)
 Metaspace       used 9868K, capacity 10114K, committed 10368K, reserved 1058816K
  class space    used 1028K, capacity 1102K, committed 1152K, reserved 1048576K
}
Event: 0.508 GC heap after
{Heap after GC invocations=1 (full 0):
 garbage-first heap   total 260096K, used 9326K [0x0000000080000000, 0x0000000100000000)
  region size 1024K, 3 young (3072K), 3 survivors (3072K)
 Metaspace       used 9868K, capacity 10114K, committed 10368K, reserved 1058816K
  class space    used 1028K, capacity 1102K, committed 1152K, reserved 1048576K
}
Event: 1.711 GC heap before
{Heap before GC invocations=1 (full 0):
 garbage-first heap   total 260096K, used 113774K [0x0000000080000000, 0x0000000100000000)
  region size 1024K, 105 young (107520K), 3 survivors (3072K)
 Metaspace       used 20774K, capacity 21149K, committed 21296K, reserved 1069056K
  class space    used 2561K, capacity 2716K, committed 2816K, reserved 1048576K
}
Event: 1.718 GC heap after
{Heap after GC invocations=2 (full 0):
 garbage-first heap   total 260096K, used 17179K [0x0000000080000000, 0x0000000100000000)
  region size 1024K, 11 young (11264K), 11 survivors (11264K)
 Metaspace       used 20774K, capacity 21149K, committed 21296K, reserved 1069056K
  class space    used 2561K, capacity 2716K, committed 2816K, reserved 1048576K
}
Event: 2.040 GC heap before
{Heap before GC invocations=3 (full 0):
 garbage-first heap   total 260096K, used 66331K [0x0000000080000000, 0x0000000100000000)
  region size 1024K, 59 young (60416K), 11 survivors (11264K)
 Metaspace       used 25839K, capacity 26383K, committed 26624K, reserved 1073152K
  class space    used 3347K, capacity 3551K, committed 3584K, reserved 1048576K
}
Event: 2.045 GC heap after
{Heap after GC invocations=4 (full 0):
 garbage-first heap   total 260096K, used 18831K [0x0000000080000000, 0x0000000100000000)
  region size 1024K, 3 young (3072K), 3 survivors (3072K)
 Metaspace       used 25839K, capacity 26383K, committed 26624K, reserved 1073152K
  class space    used 3347K, capacity 3551K, committed 3584K, reserved 1048576K
}
Event: 2.642 GC heap before
{Heap before GC invocations=4 (full 0):
 garbage-first heap   total 260096K, used 83343K [0x0000000080000000, 0x0000000100000000)
  region size 1024K, 67 young (68608K), 3 survivors (3072K)
 Metaspace       used 35006K, capacity 35823K, committed 35920K, reserved 1081344K
  class space    used 4554K, capacity 4875K, committed 4944K, reserved 1048576K
}
Event: 2.649 GC heap after
{Heap after GC invocations=5 (full 0):
 garbage-first heap   total 260096K, used 21968K [0x0000000080000000, 0x0000000100000000)
  region size 1024K, 6 young (6144K), 6 survivors (6144K)
 Metaspace       used 35006K, capacity 35823K, committed 35920K, reserved 1081344K
  class space    used 4554K, capacity 4875K, committed 4944K, reserved 1048576K
}
Event: 3.544 GC heap before
{Heap before GC invocations=6 (full 0):
 garbage-first heap   total 260096K, used 142800K [0x0000000080000000, 0x0000000100000000)
  region size 1024K, 121 young (123904K), 6 survivors (6144K)
 Metaspace       used 44899K, capacity 45969K, committed 46160K, reserved 1089536K
  class space    used 5790K, capacity 6196K, committed 6224K, reserved 1048576K
}
Event: 3.552 GC heap after
{Heap after GC invocations=7 (full 0):
 garbage-first heap   total 260096K, used 29203K [0x0000000080000000, 0x0000000100000000)
  region size 1024K, 13 young (13312K), 13 survivors (13312K)
 Metaspace       used 44899K, capacity 45969K, committed 46160K, reserved 1089536K
  class space    used 5790K, capacity 6196K, committed 6224K, reserved 1048576K
}
Event: 4.686 GC heap before
{Heap before GC invocations=7 (full 0):
 garbage-first heap   total 260096K, used 177683K [0x0000000080000000, 0x0000000100000000)
  region size 1024K, 151 young (154624K), 13 survivors (13312K)
 Metaspace       used 53042K, capacity 54451K, committed 54736K, reserved 1097728K
  class space    used 6791K, capacity 7298K, committed 7376K, reserved 1048576K
}
Event: 4.695 GC heap after
{Heap after GC invocations=8 (full 0):
 garbage-first heap   total 260096K, used 49440K [0x0000000080000000, 0x0000000100000000)
  region size 1024K, 19 young (19456K), 19 survivors (19456K)
 Metaspace       used 53042K, capacity 54451K, committed 54736K, reserved 1097728K
  class space    used 6791K, capacity 7298K, committed 7376K, reserved 1048576K
}
Event: 5.034 GC heap before
{Heap before GC invocations=8 (full 0):
 garbage-first heap   total 260096K, used 87328K [0x0000000080000000, 0x0000000100000000)
  region size 1024K, 57 young (58368K), 19 survivors (19456K)
 Metaspace       used 58801K, capacity 60168K, committed 60240K, reserved 1101824K
  class space    used 7454K, capacity 7982K, committed 8016K, reserved 1048576K
}
Event: 5.050 GC heap after
{Heap after GC invocations=9 (full 0):
 garbage-first heap   total 260096K, used 52894K [0x0000000080000000, 0x0000000100000000)
  region size 1024K, 4 young (4096K), 4 survivors (4096K)
 Metaspace       used 58801K, capacity 60168K, committed 60240K, reserved 1101824K
  class space    used 7454K, capacity 7982K, committed 8016K, reserved 1048576K
}
Event: 6.111 GC heap before
{Heap before GC invocations=10 (full 0):
 garbage-first heap   total 260096K, used 153246K [0x0000000080000000, 0x0000000100000000)
  region size 1024K, 102 young (104448K), 4 survivors (4096K)
 Metaspace       used 68681K, capacity 70230K, committed 70352K, reserved 1110016K
  class space    used 8706K, capacity 9317K, committed 9424K, reserved 1048576K
}
Event: 6.115 GC heap after
{Heap after GC invocations=11 (full 0):
 garbage-first heap   total 260096K, used 57911K [0x0000000080000000, 0x0000000100000000)
  region size 1024K, 9 young (9216K), 9 survivors (9216K)
 Metaspace       used 68681K, capacity 70230K, committed 70352K, reserved 1110016K
  class space    used 8706K, capacity 9317K, committed 9424K, reserved 1048576K
}

