# JRE version: OpenJDK Runtime Environment (11.0.12+7) (build 11.0.12+7-b1504.28-7817840)
# Java VM: OpenJDK 64-Bit Server VM (11.0.12+7-b1504.28-7817840, mixed mode, tiered, compressed oops, g1 gc, windows-amd64)
Heap:
 garbage-first heap   total 260096K, used 187820K [0x0000000080000000, 0x0000000100000000)
  region size 1024K, 30 young (30720K), 1 survivors (1024K)
 Metaspace       used 131804K, capacity 135638K, committed 135832K, reserved 1167360K
  class space    used 16565K, capacity 17905K, committed 17920K, reserved 1048576K
GC Heap History (20 events):
Event: 20.843 GC heap before
{Heap before GC invocations=25 (full 0):
 garbage-first heap   total 260096K, used 215919K [0x0000000080000000, 0x0000000100000000)
  region size 1024K, 68 young (69632K), 7 survivors (7168K)
 Metaspace       used 125984K, capacity 129447K, committed 129688K, reserved 1161216K
  class space    used 15868K, capacity 17114K, committed 17152K, reserved 1048576K
}
Event: 20.850 GC heap after
{Heap after GC invocations=26 (full 0):
 garbage-first heap   total 260096K, used 160317K [0x0000000080000000, 0x0000000100000000)
  region size 1024K, 7 young (7168K), 7 survivors (7168K)
 Metaspace       used 125984K, capacity 129447K, committed 129688K, reserved 1161216K
  class space    used 15868K, capacity 17114K, committed 17152K, reserved 1048576K
}
Event: 52.692 GC heap before
{Heap before GC invocations=26 (full 0):
 garbage-first heap   total 260096K, used 216637K [0x0000000080000000, 0x0000000100000000)
  region size 1024K, 63 young (64512K), 7 survivors (7168K)
 Metaspace       used 127553K, capacity 131261K, committed 131480K, reserved 1163264K
  class space    used 16070K, capacity 17396K, committed 17408K, reserved 1048576K
}
Event: 52.702 GC heap after
{Heap after GC invocations=27 (full 0):
 garbage-first heap   total 260096K, used 164597K [0x0000000080000000, 0x0000000100000000)
  region size 1024K, 5 young (5120K), 5 survivors (5120K)
 Metaspace       used 127553K, capacity 131261K, committed 131480K, reserved 1163264K
  class space    used 16070K, capacity 17396K, committed 17408K, reserved 1048576K
}
Event: 53.069 GC heap before
{Heap before GC invocations=28 (full 0):
 garbage-first heap   total 260096K, used 218869K [0x0000000080000000, 0x0000000100000000)
  region size 1024K, 59 young (60416K), 5 survivors (5120K)
 Metaspace       used 129477K, capacity 133279K, committed 133656K, reserved 1165312K
  class space    used 16301K, capacity 17665K, committed 17792K, reserved 1048576K
}
Event: 53.075 GC heap after
{Heap after GC invocations=29 (full 0):
 garbage-first heap   total 260096K, used 170486K [0x0000000080000000, 0x0000000100000000)
  region size 1024K, 7 young (7168K), 7 survivors (7168K)
 Metaspace       used 129477K, capacity 133279K, committed 133656K, reserved 1165312K
  class space    used 16301K, capacity 17665K, committed 17792K, reserved 1048576K
}
Event: 53.093 GC heap before
{Heap before GC invocations=29 (full 0):
 garbage-first heap   total 260096K, used 174582K [0x0000000080000000, 0x0000000100000000)
  region size 1024K, 12 young (12288K), 7 survivors (7168K)
 Metaspace       used 129498K, capacity 133280K, committed 133656K, reserved 1165312K
  class space    used 16301K, capacity 17665K, committed 17792K, reserved 1048576K
}
Event: 53.099 GC heap after
{Heap after GC invocations=30 (full 0):
 garbage-first heap   total 260096K, used 161970K [0x0000000080000000, 0x0000000100000000)
  region size 1024K, 2 young (2048K), 2 survivors (2048K)
 Metaspace       used 129498K, capacity 133280K, committed 133656K, reserved 1165312K
  class space    used 16301K, capacity 17665K, committed 17792K, reserved 1048576K
}
Event: 56.365 GC heap before
{Heap before GC invocations=30 (full 0):
 garbage-first heap   total 260096K, used 216242K [0x0000000080000000, 0x0000000100000000)
  region size 1024K, 56 young (57344K), 2 survivors (2048K)
 Metaspace       used 129755K, capacity 133598K, committed 133912K, reserved 1165312K
  class space    used 16311K, capacity 17674K, committed 17792K, reserved 1048576K
}
Event: 56.374 GC heap after
{Heap after GC invocations=31 (full 0):
 garbage-first heap   total 260096K, used 166668K [0x0000000080000000, 0x0000000100000000)
  region size 1024K, 6 young (6144K), 6 survivors (6144K)
 Metaspace       used 129755K, capacity 133598K, committed 133912K, reserved 1165312K
  class space    used 16311K, capacity 17674K, committed 17792K, reserved 1048576K
}
Event: 56.631 GC heap before
{Heap before GC invocations=32 (full 0):
 garbage-first heap   total 260096K, used 217868K [0x0000000080000000, 0x0000000100000000)
  region size 1024K, 57 young (58368K), 6 survivors (6144K)
 Metaspace       used 129987K, capacity 133855K, committed 134168K, reserved 1165312K
  class space    used 16317K, capacity 17685K, committed 17792K, reserved 1048576K
}
Event: 56.639 GC heap after
{Heap after GC invocations=33 (full 0):
 garbage-first heap   total 260096K, used 172056K [0x0000000080000000, 0x0000000100000000)
  region size 1024K, 7 young (7168K), 7 survivors (7168K)
 Metaspace       used 129987K, capacity 133855K, committed 134168K, reserved 1165312K
  class space    used 16317K, capacity 17685K, committed 17792K, reserved 1048576K
}
Event: 56.647 GC heap before
{Heap before GC invocations=33 (full 0):
 garbage-first heap   total 260096K, used 176152K [0x0000000080000000, 0x0000000100000000)
  region size 1024K, 12 young (12288K), 7 survivors (7168K)
 Metaspace       used 130008K, capacity 133859K, committed 134168K, reserved 1165312K
  class space    used 16317K, capacity 17685K, committed 17792K, reserved 1048576K
}
Event: 56.652 GC heap after
{Heap after GC invocations=34 (full 0):
 garbage-first heap   total 260096K, used 171571K [0x0000000080000000, 0x0000000100000000)
  region size 1024K, 2 young (2048K), 2 survivors (2048K)
 Metaspace       used 130008K, capacity 133859K, committed 134168K, reserved 1165312K
  class space    used 16317K, capacity 17685K, committed 17792K, reserved 1048576K
}
Event: 56.772 GC heap before
{Heap before GC invocations=34 (full 0):
 garbage-first heap   total 260096K, used 216627K [0x0000000080000000, 0x0000000100000000)
  region size 1024K, 47 young (48128K), 2 survivors (2048K)
 Metaspace       used 130243K, capacity 134149K, committed 134424K, reserved 1165312K
  class space    used 16329K, capacity 17698K, committed 17792K, reserved 1048576K
}
Event: 56.777 GC heap after
{Heap after GC invocations=35 (full 0):
 garbage-first heap   total 260096K, used 174443K [0x0000000080000000, 0x0000000100000000)
  region size 1024K, 4 young (4096K), 4 survivors (4096K)
 Metaspace       used 130243K, capacity 134149K, committed 134424K, reserved 1165312K
  class space    used 16329K, capacity 17698K, committed 17792K, reserved 1048576K
}
Event: 57.006 GC heap before
{Heap before GC invocations=36 (full 0):
 garbage-first heap   total 260096K, used 216427K [0x0000000080000000, 0x0000000100000000)
  region size 1024K, 48 young (49152K), 4 survivors (4096K)
 Metaspace       used 131431K, capacity 135370K, committed 135576K, reserved 1167360K
  class space    used 16495K, capacity 17857K, committed 17920K, reserved 1048576K
}
Event: 57.011 GC heap after
{Heap after GC invocations=37 (full 0):
 garbage-first heap   total 260096K, used 175222K [0x0000000080000000, 0x0000000100000000)
  region size 1024K, 3 young (3072K), 3 survivors (3072K)
 Metaspace       used 131431K, capacity 135370K, committed 135576K, reserved 1167360K
  class space    used 16495K, capacity 17857K, committed 17920K, reserved 1048576K
}
Event: 57.027 GC heap before
{Heap before GC invocations=37 (full 0):
 garbage-first heap   total 260096K, used 183414K [0x0000000080000000, 0x0000000100000000)
  region size 1024K, 12 young (12288K), 3 survivors (3072K)
 Metaspace       used 131585K, capacity 135536K, committed 135576K, reserved 1167360K
  class space    used 16527K, capacity 17891K, committed 17920K, reserved 1048576K
}
Event: 57.035 GC heap after
{Heap after GC invocations=38 (full 0):
 garbage-first heap   total 260096K, used 160172K [0x0000000080000000, 0x0000000100000000)
  region size 1024K, 1 young (1024K), 1 survivors (1024K)
 Metaspace       used 131585K, capacity 135536K, committed 135576K, reserved 1167360K
  class space    used 16527K, capacity 17891K, committed 17920K, reserved 1048576K
}

