# JRE version: OpenJDK Runtime Environment (11.0.12+7) (build 11.0.12+7-b1504.28-7817840)
# Java VM: OpenJDK 64-Bit Server VM (11.0.12+7-b1504.28-7817840, mixed mode, tiered, compressed oops, g1 gc, windows-amd64)
Heap:
 garbage-first heap   total 260096K, used 146268K [0x0000000080000000, 0x0000000100000000)
  region size 1024K, 85 young (87040K), 16 survivors (16384K)
 Metaspace       used 66404K, capacity 68249K, committed 68352K, reserved 1107968K
  class space    used 8464K, capacity 9144K, committed 9216K, reserved 1048576K
GC Heap History (14 events):
Event: 0.487 GC heap before
{Heap before GC invocations=0 (full 0):
 garbage-first heap   total 260096K, used 30720K [0x0000000080000000, 0x0000000100000000)
  region size 1024K, 24 young (24576K), 0 survivors (0K)
 Metaspace       used 9865K, capacity 10118K, committed 10368K, reserved 1058816K
  class space    used 1027K, capacity 1102K, committed 1152K, reserved 1048576K
}
Event: 0.490 GC heap after
{Heap after GC invocations=1 (full 0):
 garbage-first heap   total 260096K, used 9291K [0x0000000080000000, 0x0000000100000000)
  region size 1024K, 3 young (3072K), 3 survivors (3072K)
 Metaspace       used 9865K, capacity 10118K, committed 10368K, reserved 1058816K
  class space    used 1027K, capacity 1102K, committed 1152K, reserved 1048576K
}
Event: 1.698 GC heap before
{Heap before GC invocations=1 (full 0):
 garbage-first heap   total 260096K, used 110667K [0x0000000080000000, 0x0000000100000000)
  region size 1024K, 102 young (104448K), 3 survivors (3072K)
 Metaspace       used 20687K, capacity 21152K, committed 21248K, reserved 1067008K
  class space    used 2542K, capacity 2727K, committed 2816K, reserved 1048576K
}
Event: 1.706 GC heap after
{Heap after GC invocations=2 (full 0):
 garbage-first heap   total 260096K, used 17046K [0x0000000080000000, 0x0000000100000000)
  region size 1024K, 11 young (11264K), 11 survivors (11264K)
 Metaspace       used 20687K, capacity 21152K, committed 21248K, reserved 1067008K
  class space    used 2542K, capacity 2727K, committed 2816K, reserved 1048576K
}
Event: 2.048 GC heap before
{Heap before GC invocations=3 (full 0):
 garbage-first heap   total 260096K, used 64150K [0x0000000080000000, 0x0000000100000000)
  region size 1024K, 57 young (58368K), 11 survivors (11264K)
 Metaspace       used 25463K, capacity 26046K, committed 26368K, reserved 1073152K
  class space    used 3273K, capacity 3469K, committed 3584K, reserved 1048576K
}
Event: 2.052 GC heap after
{Heap after GC invocations=4 (full 0):
 garbage-first heap   total 260096K, used 18729K [0x0000000080000000, 0x0000000100000000)
  region size 1024K, 3 young (3072K), 3 survivors (3072K)
 Metaspace       used 25463K, capacity 26046K, committed 26368K, reserved 1073152K
  class space    used 3273K, capacity 3469K, committed 3584K, reserved 1048576K
}
Event: 2.784 GC heap before
{Heap before GC invocations=4 (full 0):
 garbage-first heap   total 260096K, used 118057K [0x0000000080000000, 0x0000000100000000)
  region size 1024K, 91 young (93184K), 3 survivors (3072K)
 Metaspace       used 34731K, capacity 35678K, committed 35840K, reserved 1079296K
  class space    used 4648K, capacity 4997K, committed 5120K, reserved 1048576K
}
Event: 2.790 GC heap after
{Heap after GC invocations=5 (full 0):
 garbage-first heap   total 260096K, used 35658K [0x0000000080000000, 0x0000000100000000)
  region size 1024K, 9 young (9216K), 9 survivors (9216K)
 Metaspace       used 34731K, capacity 35678K, committed 35840K, reserved 1079296K
  class space    used 4648K, capacity 4997K, committed 5120K, reserved 1048576K
}
Event: 3.684 GC heap before
{Heap before GC invocations=6 (full 0):
 garbage-first heap   total 260096K, used 158538K [0x0000000080000000, 0x0000000100000000)
  region size 1024K, 122 young (124928K), 9 survivors (9216K)
 Metaspace       used 45851K, capacity 47183K, committed 47360K, reserved 1089536K
  class space    used 5829K, capacity 6302K, committed 6400K, reserved 1048576K
}
Event: 3.693 GC heap after
{Heap after GC invocations=7 (full 0):
 garbage-first heap   total 260096K, used 49623K [0x0000000080000000, 0x0000000100000000)
  region size 1024K, 16 young (16384K), 16 survivors (16384K)
 Metaspace       used 45851K, capacity 47183K, committed 47360K, reserved 1089536K
  class space    used 5829K, capacity 6302K, committed 6400K, reserved 1048576K
}
Event: 4.490 GC heap before
{Heap before GC invocations=7 (full 0):
 garbage-first heap   total 260096K, used 173527K [0x0000000080000000, 0x0000000100000000)
  region size 1024K, 134 young (137216K), 16 survivors (16384K)
 Metaspace       used 51319K, capacity 52896K, committed 53120K, reserved 1095680K
  class space    used 6632K, capacity 7214K, committed 7296K, reserved 1048576K
}
Event: 4.498 GC heap after
{Heap after GC invocations=8 (full 0):
 garbage-first heap   total 260096K, used 60805K [0x0000000080000000, 0x0000000100000000)
  region size 1024K, 8 young (8192K), 8 survivors (8192K)
 Metaspace       used 51319K, capacity 52896K, committed 53120K, reserved 1095680K
  class space    used 6632K, capacity 7214K, committed 7296K, reserved 1048576K
}
Event: 5.002 GC heap before
{Heap before GC invocations=8 (full 0):
 garbage-first heap   total 260096K, used 134533K [0x0000000080000000, 0x0000000100000000)
  region size 1024K, 73 young (74752K), 8 survivors (8192K)
 Metaspace       used 58357K, capacity 60076K, committed 60160K, reserved 1101824K
  class space    used 7509K, capacity 8134K, committed 8192K, reserved 1048576K
}
Event: 5.010 GC heap after
{Heap after GC invocations=9 (full 0):
 garbage-first heap   total 260096K, used 77660K [0x0000000080000000, 0x0000000100000000)
  region size 1024K, 16 young (16384K), 16 survivors (16384K)
 Metaspace       used 58357K, capacity 60076K, committed 60160K, reserved 1101824K
  class space    used 7509K, capacity 8134K, committed 8192K, reserved 1048576K
}

