# JRE version: OpenJDK Runtime Environment (11.0.12+7) (build 11.0.12+7-b1504.28-7817840)
# Java VM: OpenJDK 64-Bit Server VM (11.0.12+7-b1504.28-7817840, mixed mode, tiered, compressed oops, g1 gc, windows-amd64)
Heap:
 garbage-first heap   total 312320K, used 178324K [0x0000000080000000, 0x0000000100000000)
  region size 1024K, 11 young (11264K), 1 survivors (1024K)
 Metaspace       used 141931K, capacity 146123K, committed 146376K, reserved 1177600K
  class space    used 17477K, capacity 18869K, committed 18972K, reserved 1048576K
GC Heap History (20 events):
Event: 75.228 GC heap before
{Heap before GC invocations=24 (full 0):
 garbage-first heap   total 312320K, used 255661K [0x0000000080000000, 0x0000000100000000)
  region size 1024K, 129 young (132096K), 14 survivors (14336K)
 Metaspace       used 119711K, capacity 122601K, committed 122952K, reserved 1157120K
  class space    used 14816K, capacity 15851K, committed 16028K, reserved 1048576K
}
Event: 75.235 GC heap after
{Heap after GC invocations=25 (full 0):
 garbage-first heap   total 312320K, used 144054K [0x0000000080000000, 0x0000000100000000)
  region size 1024K, 14 young (14336K), 14 survivors (14336K)
 Metaspace       used 119711K, capacity 122601K, committed 122952K, reserved 1157120K
  class space    used 14816K, capacity 15851K, committed 16028K, reserved 1048576K
}
Event: 75.849 GC heap before
{Heap before GC invocations=25 (full 0):
 garbage-first heap   total 312320K, used 223926K [0x0000000080000000, 0x0000000100000000)
  region size 1024K, 88 young (90112K), 14 survivors (14336K)
 Metaspace       used 125792K, capacity 128954K, committed 129224K, reserved 1161216K
  class space    used 15621K, capacity 16784K, committed 16924K, reserved 1048576K
}
Event: 75.866 GC heap after
{Heap after GC invocations=26 (full 0):
 garbage-first heap   total 312320K, used 157126K [0x0000000080000000, 0x0000000100000000)
  region size 1024K, 8 young (8192K), 8 survivors (8192K)
 Metaspace       used 125792K, capacity 128954K, committed 129224K, reserved 1161216K
  class space    used 15621K, capacity 16784K, committed 16924K, reserved 1048576K
}
Event: 76.496 GC heap before
{Heap before GC invocations=27 (full 0):
 garbage-first heap   total 312320K, used 257478K [0x0000000080000000, 0x0000000100000000)
  region size 1024K, 101 young (103424K), 8 survivors (8192K)
 Metaspace       used 132931K, capacity 136184K, committed 136392K, reserved 1167360K
  class space    used 16387K, capacity 17546K, committed 17692K, reserved 1048576K
}
Event: 76.503 GC heap after
{Heap after GC invocations=28 (full 0):
 garbage-first heap   total 312320K, used 169089K [0x0000000080000000, 0x0000000100000000)
  region size 1024K, 9 young (9216K), 9 survivors (9216K)
 Metaspace       used 132931K, capacity 136184K, committed 136392K, reserved 1167360K
  class space    used 16387K, capacity 17546K, committed 17692K, reserved 1048576K
}
Event: 76.528 GC heap before
{Heap before GC invocations=28 (full 0):
 garbage-first heap   total 312320K, used 174209K [0x0000000080000000, 0x0000000100000000)
  region size 1024K, 15 young (15360K), 9 survivors (9216K)
 Metaspace       used 132981K, capacity 136266K, committed 136648K, reserved 1169408K
  class space    used 16392K, capacity 17550K, committed 17692K, reserved 1048576K
}
Event: 76.533 GC heap after
{Heap after GC invocations=29 (full 0):
 garbage-first heap   total 312320K, used 157789K [0x0000000080000000, 0x0000000100000000)
  region size 1024K, 2 young (2048K), 2 survivors (2048K)
 Metaspace       used 132981K, capacity 136266K, committed 136648K, reserved 1169408K
  class space    used 16392K, capacity 17550K, committed 17692K, reserved 1048576K
}
Event: 77.027 GC heap before
{Heap before GC invocations=29 (full 0):
 garbage-first heap   total 312320K, used 251997K [0x0000000080000000, 0x0000000100000000)
  region size 1024K, 95 young (97280K), 2 survivors (2048K)
 Metaspace       used 136541K, capacity 139818K, committed 140104K, reserved 1171456K
  class space    used 16802K, capacity 17954K, committed 18076K, reserved 1048576K
}
Event: 77.033 GC heap after
{Heap after GC invocations=30 (full 0):
 garbage-first heap   total 312320K, used 163920K [0x0000000080000000, 0x0000000100000000)
  region size 1024K, 8 young (8192K), 8 survivors (8192K)
 Metaspace       used 136541K, capacity 139818K, committed 140104K, reserved 1171456K
  class space    used 16802K, capacity 17954K, committed 18076K, reserved 1048576K
}
Event: 81.290 GC heap before
{Heap before GC invocations=31 (full 0):
 garbage-first heap   total 312320K, used 256080K [0x0000000080000000, 0x0000000100000000)
  region size 1024K, 98 young (100352K), 8 survivors (8192K)
 Metaspace       used 138763K, capacity 142361K, committed 142536K, reserved 1173504K
  class space    used 17074K, capacity 18341K, committed 18460K, reserved 1048576K
}
Event: 81.298 GC heap after
{Heap after GC invocations=32 (full 0):
 garbage-first heap   total 312320K, used 173467K [0x0000000080000000, 0x0000000100000000)
  region size 1024K, 10 young (10240K), 10 survivors (10240K)
 Metaspace       used 138763K, capacity 142361K, committed 142536K, reserved 1173504K
  class space    used 17074K, capacity 18341K, committed 18460K, reserved 1048576K
}
Event: 81.329 GC heap before
{Heap before GC invocations=32 (full 0):
 garbage-first heap   total 312320K, used 178587K [0x0000000080000000, 0x0000000100000000)
  region size 1024K, 15 young (15360K), 10 survivors (10240K)
 Metaspace       used 138785K, capacity 142431K, committed 142792K, reserved 1173504K
  class space    used 17074K, capacity 18342K, committed 18460K, reserved 1048576K
}
Event: 81.336 GC heap after
{Heap after GC invocations=33 (full 0):
 garbage-first heap   total 312320K, used 173397K [0x0000000080000000, 0x0000000100000000)
  region size 1024K, 2 young (2048K), 2 survivors (2048K)
 Metaspace       used 138785K, capacity 142431K, committed 142792K, reserved 1173504K
  class space    used 17074K, capacity 18342K, committed 18460K, reserved 1048576K
}
Event: 109.200 GC heap before
{Heap before GC invocations=33 (full 0):
 garbage-first heap   total 312320K, used 256341K [0x0000000080000000, 0x0000000100000000)
  region size 1024K, 84 young (86016K), 2 survivors (2048K)
 Metaspace       used 140279K, capacity 143904K, committed 144200K, reserved 1175552K
  class space    used 17271K, capacity 18537K, committed 18588K, reserved 1048576K
}
Event: 109.213 GC heap after
{Heap after GC invocations=34 (full 0):
 garbage-first heap   total 312320K, used 178532K [0x0000000080000000, 0x0000000100000000)
  region size 1024K, 7 young (7168K), 7 survivors (7168K)
 Metaspace       used 140279K, capacity 143904K, committed 144200K, reserved 1175552K
  class space    used 17271K, capacity 18537K, committed 18588K, reserved 1048576K
}
Event: 143.693 GC heap before
{Heap before GC invocations=35 (full 0):
 garbage-first heap   total 312320K, used 259428K [0x0000000080000000, 0x0000000100000000)
  region size 1024K, 86 young (88064K), 7 survivors (7168K)
 Metaspace       used 141683K, capacity 145671K, committed 145736K, reserved 1175552K
  class space    used 17454K, capacity 18813K, committed 18844K, reserved 1048576K
}
Event: 143.698 GC heap after
{Heap after GC invocations=36 (full 0):
 garbage-first heap   total 312320K, used 178871K [0x0000000080000000, 0x0000000100000000)
  region size 1024K, 5 young (5120K), 5 survivors (5120K)
 Metaspace       used 141683K, capacity 145671K, committed 145736K, reserved 1175552K
  class space    used 17454K, capacity 18813K, committed 18844K, reserved 1048576K
}
Event: 143.727 GC heap before
{Heap before GC invocations=36 (full 0):
 garbage-first heap   total 312320K, used 188087K [0x0000000080000000, 0x0000000100000000)
  region size 1024K, 15 young (15360K), 5 survivors (5120K)
 Metaspace       used 141693K, capacity 145671K, committed 145736K, reserved 1175552K
  class space    used 17454K, capacity 18813K, committed 18844K, reserved 1048576K
}
Event: 143.733 GC heap after
{Heap after GC invocations=37 (full 0):
 garbage-first heap   total 312320K, used 169108K [0x0000000080000000, 0x0000000100000000)
  region size 1024K, 1 young (1024K), 1 survivors (1024K)
 Metaspace       used 141693K, capacity 145671K, committed 145736K, reserved 1175552K
  class space    used 17454K, capacity 18813K, committed 18844K, reserved 1048576K
}

