# JRE version: OpenJDK Runtime Environment (11.0.12+7) (build 11.0.12+7-b1504.28-7817840)
# Java VM: OpenJDK 64-Bit Server VM (11.0.12+7-b1504.28-7817840, mixed mode, tiered, compressed oops, g1 gc, windows-amd64)
Heap:
 garbage-first heap   total 260096K, used 111191K [0x0000000080000000, 0x0000000100000000)
  region size 1024K, 20 young (20480K), 15 survivors (15360K)
 Metaspace       used 108730K, capacity 111792K, committed 111824K, reserved 1146880K
  class space    used 13931K, capacity 15051K, committed 15056K, reserved 1048576K
GC Heap History (20 events):
Event: 3.700 GC heap before
{Heap before GC invocations=7 (full 0):
 garbage-first heap   total 260096K, used 179095K [0x0000000080000000, 0x0000000100000000)
  region size 1024K, 152 young (155648K), 13 survivors (13312K)
 Metaspace       used 53730K, capacity 55061K, committed 55376K, reserved 1097728K
  class space    used 6875K, capacity 7374K, committed 7504K, reserved 1048576K
}
Event: 3.709 GC heap after
{Heap after GC invocations=8 (full 0):
 garbage-first heap   total 260096K, used 50037K [0x0000000080000000, 0x0000000100000000)
  region size 1024K, 19 young (19456K), 19 survivors (19456K)
 Metaspace       used 53730K, capacity 55061K, committed 55376K, reserved 1097728K
  class space    used 6875K, capacity 7374K, committed 7504K, reserved 1048576K
}
Event: 3.963 GC heap before
{Heap before GC invocations=8 (full 0):
 garbage-first heap   total 260096K, used 82805K [0x0000000080000000, 0x0000000100000000)
  region size 1024K, 52 young (53248K), 19 survivors (19456K)
 Metaspace       used 58836K, capacity 60213K, committed 60240K, reserved 1101824K
  class space    used 7451K, capacity 7999K, committed 8016K, reserved 1048576K
}
Event: 3.976 GC heap after
{Heap after GC invocations=9 (full 0):
 garbage-first heap   total 260096K, used 53616K [0x0000000080000000, 0x0000000100000000)
  region size 1024K, 4 young (4096K), 4 survivors (4096K)
 Metaspace       used 58836K, capacity 60213K, committed 60240K, reserved 1101824K
  class space    used 7451K, capacity 7999K, committed 8016K, reserved 1048576K
}
Event: 4.691 GC heap before
{Heap before GC invocations=10 (full 0):
 garbage-first heap   total 260096K, used 156016K [0x0000000080000000, 0x0000000100000000)
  region size 1024K, 104 young (106496K), 4 survivors (4096K)
 Metaspace       used 68674K, capacity 70249K, committed 70608K, reserved 1110016K
  class space    used 8703K, capacity 9301K, committed 9424K, reserved 1048576K
}
Event: 4.696 GC heap after
{Heap after GC invocations=11 (full 0):
 garbage-first heap   total 260096K, used 58898K [0x0000000080000000, 0x0000000100000000)
  region size 1024K, 9 young (9216K), 9 survivors (9216K)
 Metaspace       used 68674K, capacity 70249K, committed 70608K, reserved 1110016K
  class space    used 8703K, capacity 9301K, committed 9424K, reserved 1048576K
}
Event: 5.386 GC heap before
{Heap before GC invocations=11 (full 0):
 garbage-first heap   total 260096K, used 166418K [0x0000000080000000, 0x0000000100000000)
  region size 1024K, 114 young (116736K), 9 survivors (9216K)
 Metaspace       used 76888K, capacity 78583K, committed 78800K, reserved 1118208K
  class space    used 9956K, capacity 10620K, committed 10704K, reserved 1048576K
}
Event: 5.393 GC heap after
{Heap after GC invocations=12 (full 0):
 garbage-first heap   total 260096K, used 66557K [0x0000000080000000, 0x0000000100000000)
  region size 1024K, 15 young (15360K), 15 survivors (15360K)
 Metaspace       used 76888K, capacity 78583K, committed 78800K, reserved 1118208K
  class space    used 9956K, capacity 10620K, committed 10704K, reserved 1048576K
}
Event: 6.194 GC heap before
{Heap before GC invocations=12 (full 0):
 garbage-first heap   total 260096K, used 175101K [0x0000000080000000, 0x0000000100000000)
  region size 1024K, 122 young (124928K), 15 survivors (15360K)
 Metaspace       used 87308K, capacity 89317K, committed 89424K, reserved 1126400K
  class space    used 11304K, capacity 12054K, committed 12112K, reserved 1048576K
}
Event: 6.205 GC heap after
{Heap after GC invocations=13 (full 0):
 garbage-first heap   total 260096K, used 75356K [0x0000000080000000, 0x0000000100000000)
  region size 1024K, 16 young (16384K), 16 survivors (16384K)
 Metaspace       used 87308K, capacity 89317K, committed 89424K, reserved 1126400K
  class space    used 11304K, capacity 12054K, committed 12112K, reserved 1048576K
}
Event: 6.631 GC heap before
{Heap before GC invocations=13 (full 0):
 garbage-first heap   total 260096K, used 182876K [0x0000000080000000, 0x0000000100000000)
  region size 1024K, 122 young (124928K), 16 survivors (16384K)
 Metaspace       used 90103K, capacity 92663K, committed 93008K, reserved 1130496K
  class space    used 11777K, capacity 12765K, committed 12880K, reserved 1048576K
}
Event: 6.644 GC heap after
{Heap after GC invocations=14 (full 0):
 garbage-first heap   total 260096K, used 84554K [0x0000000080000000, 0x0000000100000000)
  region size 1024K, 9 young (9216K), 9 survivors (9216K)
 Metaspace       used 90103K, capacity 92663K, committed 93008K, reserved 1130496K
  class space    used 11777K, capacity 12765K, committed 12880K, reserved 1048576K
}
Event: 7.088 GC heap before
{Heap before GC invocations=14 (full 0):
 garbage-first heap   total 260096K, used 190026K [0x0000000080000000, 0x0000000100000000)
  region size 1024K, 113 young (115712K), 9 survivors (9216K)
 Metaspace       used 95018K, capacity 97641K, committed 98000K, reserved 1134592K
  class space    used 12386K, capacity 13390K, committed 13520K, reserved 1048576K
}
Event: 7.094 GC heap after
{Heap after GC invocations=15 (full 0):
 garbage-first heap   total 260096K, used 87812K [0x0000000080000000, 0x0000000100000000)
  region size 1024K, 13 young (13312K), 13 survivors (13312K)
 Metaspace       used 95018K, capacity 97641K, committed 98000K, reserved 1134592K
  class space    used 12386K, capacity 13390K, committed 13520K, reserved 1048576K
}
Event: 7.389 GC heap before
{Heap before GC invocations=15 (full 0):
 garbage-first heap   total 260096K, used 136964K [0x0000000080000000, 0x0000000100000000)
  region size 1024K, 62 young (63488K), 13 survivors (13312K)
 Metaspace       used 97817K, capacity 100557K, committed 100816K, reserved 1136640K
  class space    used 12718K, capacity 13729K, committed 13776K, reserved 1048576K
}
Event: 7.398 GC heap after
{Heap after GC invocations=16 (full 0):
 garbage-first heap   total 260096K, used 92315K [0x0000000080000000, 0x0000000100000000)
  region size 1024K, 10 young (10240K), 10 survivors (10240K)
 Metaspace       used 97817K, capacity 100557K, committed 100816K, reserved 1136640K
  class space    used 12718K, capacity 13729K, committed 13776K, reserved 1048576K
}
Event: 49.447 GC heap before
{Heap before GC invocations=17 (full 0):
 garbage-first heap   total 260096K, used 198811K [0x0000000080000000, 0x0000000100000000)
  region size 1024K, 115 young (117760K), 10 survivors (10240K)
 Metaspace       used 103670K, capacity 106482K, committed 106576K, reserved 1140736K
  class space    used 13320K, capacity 14371K, committed 14416K, reserved 1048576K
}
Event: 49.454 GC heap after
{Heap after GC invocations=18 (full 0):
 garbage-first heap   total 260096K, used 97415K [0x0000000080000000, 0x0000000100000000)
  region size 1024K, 10 young (10240K), 10 survivors (10240K)
 Metaspace       used 103670K, capacity 106482K, committed 106576K, reserved 1140736K
  class space    used 13320K, capacity 14371K, committed 14416K, reserved 1048576K
}
Event: 50.294 GC heap before
{Heap before GC invocations=18 (full 0):
 garbage-first heap   total 260096K, used 203911K [0x0000000080000000, 0x0000000100000000)
  region size 1024K, 115 young (117760K), 10 survivors (10240K)
 Metaspace       used 108718K, capacity 111791K, committed 111824K, reserved 1146880K
  class space    used 13931K, capacity 15051K, committed 15056K, reserved 1048576K
}
Event: 50.305 GC heap after
{Heap after GC invocations=19 (full 0):
 garbage-first heap   total 260096K, used 107095K [0x0000000080000000, 0x0000000100000000)
  region size 1024K, 15 young (15360K), 15 survivors (15360K)
 Metaspace       used 108718K, capacity 111791K, committed 111824K, reserved 1146880K
  class space    used 13931K, capacity 15051K, committed 15056K, reserved 1048576K
}

