# JRE version: OpenJDK Runtime Environment (11.0.12+7) (build 11.0.12+7-b1504.28-7817840)
# Java VM: OpenJDK 64-Bit Server VM (11.0.12+7-b1504.28-7817840, mixed mode, tiered, compressed oops, g1 gc, windows-amd64)
Heap:
 garbage-first heap   total 260096K, used 194819K [0x0000000080000000, 0x0000000100000000)
  region size 1024K, 41 young (41984K), 9 survivors (9216K)
 Metaspace       used 121933K, capacity 125373K, committed 125776K, reserved 1159168K
  class space    used 15364K, capacity 16530K, committed 16720K, reserved 1048576K
GC Heap History (20 events):
Event: 6.618 GC heap before
{Heap before GC invocations=13 (full 0):
 garbage-first heap   total 260096K, used 182468K [0x0000000080000000, 0x0000000100000000)
  region size 1024K, 121 young (123904K), 16 survivors (16384K)
 Metaspace       used 90167K, capacity 92703K, committed 93008K, reserved 1130496K
  class space    used 11784K, capacity 12777K, committed 12880K, reserved 1048576K
}
Event: 6.633 GC heap after
{Heap after GC invocations=14 (full 0):
 garbage-first heap   total 260096K, used 84786K [0x0000000080000000, 0x0000000100000000)
  region size 1024K, 9 young (9216K), 9 survivors (9216K)
 Metaspace       used 90167K, capacity 92703K, committed 93008K, reserved 1130496K
  class space    used 11784K, capacity 12777K, committed 12880K, reserved 1048576K
}
Event: 7.097 GC heap before
{Heap before GC invocations=14 (full 0):
 garbage-first heap   total 260096K, used 191282K [0x0000000080000000, 0x0000000100000000)
  region size 1024K, 113 young (115712K), 9 survivors (9216K)
 Metaspace       used 94568K, capacity 97224K, committed 97360K, reserved 1132544K
  class space    used 12326K, capacity 13338K, committed 13392K, reserved 1048576K
}
Event: 7.104 GC heap after
{Heap after GC invocations=15 (full 0):
 garbage-first heap   total 260096K, used 88167K [0x0000000080000000, 0x0000000100000000)
  region size 1024K, 13 young (13312K), 13 survivors (13312K)
 Metaspace       used 94568K, capacity 97224K, committed 97360K, reserved 1132544K
  class space    used 12326K, capacity 13338K, committed 13392K, reserved 1048576K
}
Event: 7.499 GC heap before
{Heap before GC invocations=15 (full 0):
 garbage-first heap   total 260096K, used 165991K [0x0000000080000000, 0x0000000100000000)
  region size 1024K, 91 young (93184K), 13 survivors (13312K)
 Metaspace       used 98154K, capacity 100795K, committed 100944K, reserved 1136640K
  class space    used 12777K, capacity 13805K, committed 13904K, reserved 1048576K
}
Event: 7.507 GC heap after
{Heap after GC invocations=16 (full 0):
 garbage-first heap   total 260096K, used 93001K [0x0000000080000000, 0x0000000100000000)
  region size 1024K, 10 young (10240K), 10 survivors (10240K)
 Metaspace       used 98154K, capacity 100795K, committed 100944K, reserved 1136640K
  class space    used 12777K, capacity 13805K, committed 13904K, reserved 1048576K
}
Event: 23.706 GC heap before
{Heap before GC invocations=17 (full 0):
 garbage-first heap   total 260096K, used 218953K [0x0000000080000000, 0x0000000100000000)
  region size 1024K, 116 young (118784K), 10 survivors (10240K)
 Metaspace       used 104816K, capacity 107981K, committed 108240K, reserved 1142784K
  class space    used 13519K, capacity 14688K, committed 14800K, reserved 1048576K
}
Event: 23.715 GC heap after
{Heap after GC invocations=18 (full 0):
 garbage-first heap   total 260096K, used 121787K [0x0000000080000000, 0x0000000100000000)
  region size 1024K, 15 young (15360K), 15 survivors (15360K)
 Metaspace       used 104816K, capacity 107981K, committed 108240K, reserved 1142784K
  class space    used 13519K, capacity 14688K, committed 14800K, reserved 1048576K
}
Event: 24.369 GC heap before
{Heap before GC invocations=18 (full 0):
 garbage-first heap   total 260096K, used 208827K [0x0000000080000000, 0x0000000100000000)
  region size 1024K, 100 young (102400K), 15 survivors (15360K)
 Metaspace       used 110508K, capacity 113968K, committed 114128K, reserved 1148928K
  class space    used 14258K, capacity 15536K, committed 15568K, reserved 1048576K
}
Event: 24.378 GC heap after
{Heap after GC invocations=19 (full 0):
 garbage-first heap   total 260096K, used 129731K [0x0000000080000000, 0x0000000100000000)
  region size 1024K, 8 young (8192K), 8 survivors (8192K)
 Metaspace       used 110508K, capacity 113968K, committed 114128K, reserved 1148928K
  class space    used 14258K, capacity 15536K, committed 15568K, reserved 1048576K
}
Event: 24.449 GC heap before
{Heap before GC invocations=19 (full 0):
 garbage-first heap   total 260096K, used 136899K [0x0000000080000000, 0x0000000100000000)
  region size 1024K, 16 young (16384K), 8 survivors (8192K)
 Metaspace       used 111319K, capacity 114771K, committed 115024K, reserved 1148928K
  class space    used 14356K, capacity 15609K, committed 15696K, reserved 1048576K
}
Event: 24.453 GC heap after
{Heap after GC invocations=20 (full 0):
 garbage-first heap   total 260096K, used 131007K [0x0000000080000000, 0x0000000100000000)
  region size 1024K, 2 young (2048K), 2 survivors (2048K)
 Metaspace       used 111319K, capacity 114771K, committed 115024K, reserved 1148928K
  class space    used 14356K, capacity 15609K, committed 15696K, reserved 1048576K
}
Event: 24.751 GC heap before
{Heap before GC invocations=21 (full 0):
 garbage-first heap   total 260096K, used 194495K [0x0000000080000000, 0x0000000100000000)
  region size 1024K, 55 young (56320K), 2 survivors (2048K)
 Metaspace       used 113286K, capacity 116235K, committed 117584K, reserved 1150976K
  class space    used 14436K, capacity 15528K, committed 15952K, reserved 1048576K
}
Event: 24.755 GC heap after
{Heap after GC invocations=22 (full 0):
 garbage-first heap   total 260096K, used 146892K [0x0000000080000000, 0x0000000100000000)
  region size 1024K, 8 young (8192K), 8 survivors (8192K)
 Metaspace       used 113286K, capacity 116235K, committed 117584K, reserved 1150976K
  class space    used 14436K, capacity 15528K, committed 15952K, reserved 1048576K
}
Event: 25.240 GC heap before
{Heap before GC invocations=23 (full 0):
 garbage-first heap   total 260096K, used 214476K [0x0000000080000000, 0x0000000100000000)
  region size 1024K, 74 young (75776K), 8 survivors (8192K)
 Metaspace       used 118300K, capacity 121193K, committed 122448K, reserved 1155072K
  class space    used 14919K, capacity 15981K, committed 16464K, reserved 1048576K
}
Event: 25.245 GC heap after
{Heap after GC invocations=24 (full 0):
 garbage-first heap   total 260096K, used 151420K [0x0000000080000000, 0x0000000100000000)
  region size 1024K, 6 young (6144K), 6 survivors (6144K)
 Metaspace       used 118300K, capacity 121193K, committed 122448K, reserved 1155072K
  class space    used 14919K, capacity 15981K, committed 16464K, reserved 1048576K
}
Event: 25.552 GC heap before
{Heap before GC invocations=24 (full 0):
 garbage-first heap   total 260096K, used 214908K [0x0000000080000000, 0x0000000100000000)
  region size 1024K, 69 young (70656K), 6 survivors (6144K)
 Metaspace       used 120476K, capacity 123503K, committed 124496K, reserved 1157120K
  class space    used 15213K, capacity 16290K, committed 16720K, reserved 1048576K
}
Event: 25.558 GC heap after
{Heap after GC invocations=25 (full 0):
 garbage-first heap   total 260096K, used 156023K [0x0000000080000000, 0x0000000100000000)
  region size 1024K, 5 young (5120K), 5 survivors (5120K)
 Metaspace       used 120476K, capacity 123503K, committed 124496K, reserved 1157120K
  class space    used 15213K, capacity 16290K, committed 16720K, reserved 1048576K
}
Event: 49.624 GC heap before
{Heap before GC invocations=26 (full 0):
 garbage-first heap   total 260096K, used 217463K [0x0000000080000000, 0x0000000100000000)
  region size 1024K, 65 young (66560K), 5 survivors (5120K)
 Metaspace       used 121374K, capacity 124542K, committed 125008K, reserved 1157120K
  class space    used 15283K, capacity 16382K, committed 16720K, reserved 1048576K
}
Event: 49.630 GC heap after
{Heap after GC invocations=27 (full 0):
 garbage-first heap   total 260096K, used 163075K [0x0000000080000000, 0x0000000100000000)
  region size 1024K, 9 young (9216K), 9 survivors (9216K)
 Metaspace       used 121374K, capacity 124542K, committed 125008K, reserved 1157120K
  class space    used 15283K, capacity 16382K, committed 16720K, reserved 1048576K
}

