# JRE version: OpenJDK Runtime Environment (11.0.12+7) (build 11.0.12+7-b1504.28-7817840)
# Java VM: OpenJDK 64-Bit Server VM (11.0.12+7-b1504.28-7817840, mixed mode, tiered, compressed oops, g1 gc, windows-amd64)
Heap:
 garbage-first heap   total 260096K, used 141794K [0x0000000080000000, 0x0000000100000000)
  region size 1024K, 44 young (45056K), 15 survivors (15360K)
 Metaspace       used 106431K, capacity 108845K, committed 109904K, reserved 1144832K
  class space    used 13407K, capacity 14291K, committed 14672K, reserved 1048576K
GC Heap History (20 events):
Event: 4.524 GC heap before
{Heap before GC invocations=10 (full 0):
 garbage-first heap   total 260096K, used 143711K [0x0000000080000000, 0x0000000100000000)
  region size 1024K, 91 young (93184K), 3 survivors (3072K)
 Metaspace       used 67765K, capacity 69381K, committed 69712K, reserved 1110016K
  class space    used 8605K, capacity 9187K, committed 9296K, reserved 1048576K
}
Event: 4.527 GC heap after
{Heap after GC invocations=11 (full 0):
 garbage-first heap   total 260096K, used 57881K [0x0000000080000000, 0x0000000100000000)
  region size 1024K, 7 young (7168K), 7 survivors (7168K)
 Metaspace       used 67765K, capacity 69381K, committed 69712K, reserved 1110016K
  class space    used 8605K, capacity 9187K, committed 9296K, reserved 1048576K
}
Event: 5.089 GC heap before
{Heap before GC invocations=11 (full 0):
 garbage-first heap   total 260096K, used 154137K [0x0000000080000000, 0x0000000100000000)
  region size 1024K, 101 young (103424K), 7 survivors (7168K)
 Metaspace       used 74756K, capacity 76353K, committed 76496K, reserved 1116160K
  class space    used 9678K, capacity 10309K, committed 10448K, reserved 1048576K
}
Event: 5.095 GC heap after
{Heap after GC invocations=12 (full 0):
 garbage-first heap   total 260096K, used 65051K [0x0000000080000000, 0x0000000100000000)
  region size 1024K, 13 young (13312K), 13 survivors (13312K)
 Metaspace       used 74756K, capacity 76353K, committed 76496K, reserved 1116160K
  class space    used 9678K, capacity 10309K, committed 10448K, reserved 1048576K
}
Event: 5.824 GC heap before
{Heap before GC invocations=12 (full 0):
 garbage-first heap   total 260096K, used 164379K [0x0000000080000000, 0x0000000100000000)
  region size 1024K, 110 young (112640K), 13 survivors (13312K)
 Metaspace       used 84168K, capacity 86097K, committed 86224K, reserved 1124352K
  class space    used 10952K, capacity 11643K, committed 11728K, reserved 1048576K
}
Event: 5.832 GC heap after
{Heap after GC invocations=13 (full 0):
 garbage-first heap   total 260096K, used 71635K [0x0000000080000000, 0x0000000100000000)
  region size 1024K, 14 young (14336K), 14 survivors (14336K)
 Metaspace       used 84168K, capacity 86097K, committed 86224K, reserved 1124352K
  class space    used 10952K, capacity 11643K, committed 11728K, reserved 1048576K
}
Event: 6.331 GC heap before
{Heap before GC invocations=13 (full 0):
 garbage-first heap   total 260096K, used 171987K [0x0000000080000000, 0x0000000100000000)
  region size 1024K, 113 young (115712K), 14 survivors (14336K)
 Metaspace       used 89653K, capacity 92307K, committed 92496K, reserved 1128448K
  class space    used 11759K, capacity 12785K, committed 12880K, reserved 1048576K
}
Event: 6.342 GC heap after
{Heap after GC invocations=14 (full 0):
 garbage-first heap   total 260096K, used 80247K [0x0000000080000000, 0x0000000100000000)
  region size 1024K, 15 young (15360K), 15 survivors (15360K)
 Metaspace       used 89653K, capacity 92307K, committed 92496K, reserved 1128448K
  class space    used 11759K, capacity 12785K, committed 12880K, reserved 1048576K
}
Event: 6.710 GC heap before
{Heap before GC invocations=14 (full 0):
 garbage-first heap   total 260096K, used 180599K [0x0000000080000000, 0x0000000100000000)
  region size 1024K, 114 young (116736K), 15 survivors (15360K)
 Metaspace       used 91616K, capacity 94309K, committed 94544K, reserved 1130496K
  class space    used 11979K, capacity 13007K, committed 13136K, reserved 1048576K
}
Event: 6.720 GC heap after
{Heap after GC invocations=15 (full 0):
 garbage-first heap   total 260096K, used 87881K [0x0000000080000000, 0x0000000100000000)
  region size 1024K, 8 young (8192K), 8 survivors (8192K)
 Metaspace       used 91616K, capacity 94309K, committed 94544K, reserved 1130496K
  class space    used 11979K, capacity 13007K, committed 13136K, reserved 1048576K
}
Event: 7.247 GC heap before
{Heap before GC invocations=15 (full 0):
 garbage-first heap   total 260096K, used 188233K [0x0000000080000000, 0x0000000100000000)
  region size 1024K, 107 young (109568K), 8 survivors (8192K)
 Metaspace       used 97949K, capacity 100682K, committed 100944K, reserved 1136640K
  class space    used 12755K, capacity 13794K, committed 13904K, reserved 1048576K
}
Event: 7.254 GC heap after
{Heap after GC invocations=16 (full 0):
 garbage-first heap   total 260096K, used 92499K [0x0000000080000000, 0x0000000100000000)
  region size 1024K, 13 young (13312K), 13 survivors (13312K)
 Metaspace       used 97949K, capacity 100682K, committed 100944K, reserved 1136640K
  class space    used 12755K, capacity 13794K, committed 13904K, reserved 1048576K
}
Event: 7.283 GC heap before
{Heap before GC invocations=16 (full 0):
 garbage-first heap   total 260096K, used 109907K [0x0000000080000000, 0x0000000100000000)
  region size 1024K, 32 young (32768K), 13 survivors (13312K)
 Metaspace       used 98195K, capacity 100859K, committed 100944K, reserved 1136640K
  class space    used 12797K, capacity 13831K, committed 13904K, reserved 1048576K
}
Event: 7.290 GC heap after
{Heap after GC invocations=17 (full 0):
 garbage-first heap   total 260096K, used 93757K [0x0000000080000000, 0x0000000100000000)
  region size 1024K, 7 young (7168K), 7 survivors (7168K)
 Metaspace       used 98195K, capacity 100859K, committed 100944K, reserved 1136640K
  class space    used 12797K, capacity 13831K, committed 13904K, reserved 1048576K
}
Event: 13.782 GC heap before
{Heap before GC invocations=18 (full 0):
 garbage-first heap   total 260096K, used 197181K [0x0000000080000000, 0x0000000100000000)
  region size 1024K, 109 young (111616K), 7 survivors (7168K)
 Metaspace       used 102229K, capacity 104456K, committed 105680K, reserved 1140736K
  class space    used 12935K, capacity 13766K, committed 14288K, reserved 1048576K
}
Event: 13.791 GC heap after
{Heap after GC invocations=19 (full 0):
 garbage-first heap   total 260096K, used 98156K [0x0000000080000000, 0x0000000100000000)
  region size 1024K, 12 young (12288K), 12 survivors (12288K)
 Metaspace       used 102229K, capacity 104456K, committed 105680K, reserved 1140736K
  class space    used 12935K, capacity 13766K, committed 14288K, reserved 1048576K
}
Event: 14.750 GC heap before
{Heap before GC invocations=19 (full 0):
 garbage-first heap   total 260096K, used 201580K [0x0000000080000000, 0x0000000100000000)
  region size 1024K, 114 young (116736K), 12 survivors (12288K)
 Metaspace       used 103883K, capacity 106255K, committed 107344K, reserved 1142784K
  class space    used 13074K, capacity 13923K, committed 14416K, reserved 1048576K
}
Event: 14.758 GC heap after
{Heap after GC invocations=20 (full 0):
 garbage-first heap   total 260096K, used 103574K [0x0000000080000000, 0x0000000100000000)
  region size 1024K, 12 young (12288K), 12 survivors (12288K)
 Metaspace       used 103883K, capacity 106255K, committed 107344K, reserved 1142784K
  class space    used 13074K, capacity 13923K, committed 14416K, reserved 1048576K
}
Event: 15.226 GC heap before
{Heap before GC invocations=20 (full 0):
 garbage-first heap   total 260096K, used 208022K [0x0000000080000000, 0x0000000100000000)
  region size 1024K, 113 young (115712K), 12 survivors (12288K)
 Metaspace       used 105340K, capacity 107796K, committed 108752K, reserved 1142784K
  class space    used 13275K, capacity 14156K, committed 14544K, reserved 1048576K
}
Event: 15.247 GC heap after
{Heap after GC invocations=21 (full 0):
 garbage-first heap   total 260096K, used 114146K [0x0000000080000000, 0x0000000100000000)
  region size 1024K, 15 young (15360K), 15 survivors (15360K)
 Metaspace       used 105340K, capacity 107796K, committed 108752K, reserved 1142784K
  class space    used 13275K, capacity 14156K, committed 14544K, reserved 1048576K
}

